2023-12-29 17:00:00
✓ Commit: LapixRender
✓ Push: LapixRender
✓ Commit: Neontetra
✓ Push: Neontetra
✓ Commit: AxModelCore
✓ Push: AxModelCore
No changes: DictionaryCoder
✓ Commit: AxCommand
✓ Push: AxCommand
✓ Commit: AxEngine
✓ Push: AxEngine
No changes: SwiftEx
No changes: Promise
No changes: HotKey
✓ Commit: AxFileImport
✓ Push: AxFileImport
✓ Commit: AxModel
✓ Push: AxModel
✓ Commit: AxDocument
✓ Push: AxDocument
✓ Commit: BinaryCoder
✓ Push: BinaryCoder
2023-12-29 18:00:00
No changes: LapixRender
No changes: Neontetra
✓ Commit: AxModelCore
✓ Push: AxModelCore
No changes: DictionaryCoder
✓ Commit: AxCommand
✓ Push: AxCommand
No changes: AxEngine
✓ Commit: SwiftEx
✓ Push: SwiftEx
No changes: Promise
No changes: HotKey
No changes: AxFileImport
✓ Commit: AxModel
✓ Push: AxModel
No changes: AxDocument
✓ Commit: BinaryCoder
✓ Push: BinaryCoder
2023-12-29 19:00:01
No changes: LapixRender
No changes: Neontetra
✓ Commit: AxModelCore
✓ Push: AxModelCore
No changes: DictionaryCoder
✓ Commit: AxCommand
✓ Push: AxCommand
No changes: AxEngine
No changes: SwiftEx
No changes: Promise
No changes: HotKey
✓ Commit: AxFileImport
✓ Push: AxFileImport
No changes: AxModel
No changes: AxDocument
No changes: BinaryCoder
2023-12-29 20:00:00
No changes: LapixRender
No changes: Neontetra
✓ Commit: AxModelCore
✓ Push: AxModelCore
No changes: DictionaryCoder
✓ Commit: AxCommand
✓ Push: AxCommand
No changes: AxEngine
✓ Commit: SwiftEx
✓ Push: SwiftEx
No changes: Promise
No changes: HotKey
No changes: AxFileImport
No changes: AxModel
No changes: AxDocument
✓ Commit: BinaryCoder
✓ Push: BinaryCoder
2023-12-29 21:00:00
No changes: LapixRender
No changes: Neontetra
✓ Commit: AxModelCore
✓ Push: AxModelCore
No changes: DictionaryCoder
No changes: AxCommand
No changes: AxEngine
No changes: SwiftEx
No changes: Promise
No changes: HotKey
No changes: AxFileImport
No changes: AxModel
No changes: AxDocument
✓ Commit: BinaryCoder
✓ Push: BinaryCoder
2023-12-29 22:00:00
No changes: LapixRender
No changes: Neontetra
✓ Commit: AxModelCore
✓ Push: AxModelCore
No changes: DictionaryCoder
No changes: AxCommand
No changes: AxEngine
No changes: SwiftEx
No changes: Promise
No changes: HotKey
No changes: AxFileImport
No changes: AxModel
No changes: AxDocument
No changes: BinaryCoder
2023-12-29 23:00:01
No changes: LapixRender
No changes: Neontetra
✓ Commit: AxModelCore
✓ Push: AxModelCore
No changes: DictionaryCoder
No changes: AxCommand
No changes: AxEngine
No changes: SwiftEx
No changes: Promise
No changes: HotKey
No changes: AxFileImport
No changes: AxModel
No changes: AxDocument
No changes: BinaryCoder
2023-12-30 00:00:01
No changes: LapixRender
No changes: Neontetra
✓ Commit: AxModelCore
✓ Push: AxModelCore
No changes: DictionaryCoder
✓ Commit: AxCommand
✓ Push: AxCommand
No changes: AxEngine
No changes: SwiftEx
No changes: Promise
No changes: HotKey
No changes: AxFileImport
No changes: AxModel
✓ Commit: AxDocument
✓ Push: AxDocument
No changes: BinaryCoder
2023-12-30 01:00:00
No changes: LapixRender
No changes: Neontetra
No changes: AxModelCore
No changes: DictionaryCoder
✓ Commit: AxCommand
✓ Push: AxCommand
No changes: AxEngine
No changes: SwiftEx
No changes: Promise
No changes: HotKey
No changes: AxFileImport
No changes: AxModel
No changes: AxDocument
No changes: BinaryCoder
2023-12-30 02:00:00
No changes: LapixRender
No changes: Neontetra
No changes: AxModelCore
No changes: DictionaryCoder
No changes: AxCommand
No changes: AxEngine
No changes: SwiftEx
No changes: Promise
No changes: HotKey
No changes: AxFileImport
No changes: AxModel
No changes: AxDocument
No changes: BinaryCoder
2023-12-30 03:00:00
No changes: LapixRender
No changes: Neontetra
No changes: AxModelCore
No changes: DictionaryCoder
No changes: AxCommand
No changes: AxEngine
No changes: SwiftEx
No changes: Promise
No changes: HotKey
No changes: AxFileImport
No changes: AxModel
No changes: AxDocument
No changes: BinaryCoder
2023-12-30 04:00:00
No changes: LapixRender
No changes: Neontetra
No changes: AxModelCore
No changes: DictionaryCoder
No changes: AxCommand
No changes: AxEngine
No changes: SwiftEx
No changes: Promise
No changes: HotKey
No changes: AxFileImport
No changes: AxModel
No changes: AxDocument
No changes: BinaryCoder
2023-12-30 05:00:00
No changes: LapixRender
No changes: Neontetra
No changes: AxModelCore
No changes: DictionaryCoder
No changes: AxCommand
No changes: AxEngine
No changes: SwiftEx
No changes: Promise
No changes: HotKey
No changes: AxFileImport
No changes: AxModel
No changes: AxDocument
No changes: BinaryCoder
2023-12-30 06:00:00
No changes: LapixRender
No changes: Neontetra
No changes: AxModelCore
No changes: DictionaryCoder
No changes: AxCommand
No changes: AxEngine
No changes: SwiftEx
No changes: Promise
No changes: HotKey
No changes: AxFileImport
No changes: AxModel
No changes: AxDocument
No changes: BinaryCoder
2023-12-30 07:00:00
No changes: LapixRender
No changes: Neontetra
No changes: AxModelCore
No changes: DictionaryCoder
No changes: AxCommand
No changes: AxEngine
No changes: SwiftEx
No changes: Promise
No changes: HotKey
No changes: AxFileImport
No changes: AxModel
No changes: AxDocument
No changes: BinaryCoder
2023-12-30 08:00:00
No changes: LapixRender
No changes: Neontetra
No changes: AxModelCore
No changes: DictionaryCoder
No changes: AxCommand
No changes: AxEngine
No changes: SwiftEx
No changes: Promise
No changes: HotKey
No changes: AxFileImport
No changes: AxModel
No changes: AxDocument
No changes: BinaryCoder
2023-12-30 09:00:00
No changes: LapixRender
No changes: Neontetra
No changes: AxModelCore
No changes: DictionaryCoder
No changes: AxCommand
No changes: AxEngine
No changes: SwiftEx
No changes: Promise
No changes: HotKey
No changes: AxFileImport
No changes: AxModel
No changes: AxDocument
No changes: BinaryCoder
2023-12-30 10:00:01
No changes: LapixRender
No changes: Neontetra
No changes: AxModelCore
No changes: DictionaryCoder
No changes: AxCommand
No changes: AxEngine
No changes: SwiftEx
No changes: Promise
No changes: HotKey
No changes: AxFileImport
No changes: AxModel
No changes: AxDocument
No changes: BinaryCoder
2023-12-30 11:00:00
No changes: LapixRender
No changes: Neontetra
No changes: AxModelCore
No changes: DictionaryCoder
No changes: AxCommand
No changes: AxEngine
No changes: SwiftEx
No changes: Promise
No changes: HotKey
No changes: AxFileImport
No changes: AxModel
No changes: AxDocument
No changes: BinaryCoder
2023-12-30 12:00:01
No changes: LapixRender
No changes: Neontetra
No changes: AxModelCore
No changes: DictionaryCoder
No changes: AxCommand
No changes: AxEngine
No changes: SwiftEx
No changes: Promise
No changes: HotKey
No changes: AxFileImport
No changes: AxModel
No changes: AxDocument
No changes: BinaryCoder
2023-12-30 13:00:00
No changes: LapixRender
No changes: Neontetra
✓ Commit: AxModelCore
✓ Push: AxModelCore
No changes: DictionaryCoder
✓ Commit: AxCommand
✓ Push: AxCommand
No changes: AxEngine
No changes: SwiftEx
No changes: Promise
No changes: HotKey
No changes: AxFileImport
No changes: AxModel
✓ Commit: AxDocument
✓ Push: AxDocument
No changes: BinaryCoder
2023-12-30 14:00:00
No changes: LapixRender
No changes: Neontetra
✓ Commit: AxModelCore
✓ Push: AxModelCore
No changes: DictionaryCoder
✓ Commit: AxCommand
✓ Push: AxCommand
No changes: AxEngine
No changes: SwiftEx
No changes: Promise
No changes: HotKey
No changes: AxFileImport
✓ Commit: AxModel
✓ Push: AxModel
✓ Commit: AxDocument
✓ Push: AxDocument
No changes: BinaryCoder
2023-12-30 15:00:00
No changes: LapixRender
No changes: Neontetra
No changes: AxModelCore
No changes: DictionaryCoder
✓ Commit: AxCommand
✓ Push: AxCommand
No changes: AxEngine
No changes: SwiftEx
No changes: Promise
No changes: HotKey
No changes: AxFileImport
No changes: AxModel
No changes: AxDocument
No changes: BinaryCoder
2023-12-30 16:00:01
No changes: LapixRender
No changes: Neontetra
✓ Commit: AxModelCore
✓ Push: AxModelCore
No changes: DictionaryCoder
✓ Commit: AxCommand
✓ Push: AxCommand
No changes: AxEngine
No changes: SwiftEx
No changes: Promise
No changes: HotKey
No changes: AxFileImport
No changes: AxModel
✓ Commit: AxDocument
✓ Push: AxDocument
No changes: BinaryCoder
2023-12-30 17:00:01
No changes: LapixRender
No changes: Neontetra
✓ Commit: AxModelCore
✓ Push: AxModelCore
No changes: DictionaryCoder
✓ Commit: AxCommand
✓ Push: AxCommand
No changes: AxEngine
No changes: SwiftEx
No changes: Promise
No changes: HotKey
No changes: AxFileImport
✓ Commit: AxModel
✓ Push: AxModel
No changes: AxDocument
No changes: BinaryCoder
